C:\USERS\KATE\DOWNLOADS\SCREENSAVER\SCREENSAVER\SCREENSAVER\DEBUG\SCREENSAVER.OBJ
C:\USERS\KATE\DOWNLOADS\SCREENSAVER\SCREENSAVER\SCREENSAVER\DEBUG\VC110.PDB
C:\USERS\KATE\DOWNLOADS\SCREENSAVER\SCREENSAVER\DEBUG\SCREENSAVER.ILK
C:\USERS\KATE\DOWNLOADS\SCREENSAVER\SCREENSAVER\DEBUG\SCREENSAVER.EXE
C:\USERS\KATE\DOWNLOADS\SCREENSAVER\SCREENSAVER\DEBUG\SCREENSAVER.PDB
C:\Users\Kate\Downloads\ScreenSaver\ScreenSaver\ScreenSaver\Debug\ScreenSaver.obj
C:\Users\Kate\Downloads\ScreenSaver\ScreenSaver\ScreenSaver\Debug\cl.command.1.tlog
C:\Users\Kate\Downloads\ScreenSaver\ScreenSaver\ScreenSaver\Debug\CL.read.1.tlog
C:\Users\Kate\Downloads\ScreenSaver\ScreenSaver\ScreenSaver\Debug\CL.write.1.tlog
C:\Users\Kate\Downloads\ScreenSaver\ScreenSaver\ScreenSaver\Debug\link-cvtres.read.1.tlog
C:\Users\Kate\Downloads\ScreenSaver\ScreenSaver\ScreenSaver\Debug\link-cvtres.write.1.tlog
C:\Users\Kate\Downloads\ScreenSaver\ScreenSaver\ScreenSaver\Debug\link-rc.read.1.tlog
C:\Users\Kate\Downloads\ScreenSaver\ScreenSaver\ScreenSaver\Debug\link-rc.write.1.tlog
C:\Users\Kate\Downloads\ScreenSaver\ScreenSaver\ScreenSaver\Debug\link.4044-cvtres.read.1.tlog
C:\Users\Kate\Downloads\ScreenSaver\ScreenSaver\ScreenSaver\Debug\link.4044-cvtres.write.1.tlog
C:\Users\Kate\Downloads\ScreenSaver\ScreenSaver\ScreenSaver\Debug\link.4044-rc.read.1.tlog
C:\Users\Kate\Downloads\ScreenSaver\ScreenSaver\ScreenSaver\Debug\link.4044-rc.write.1.tlog
C:\Users\Kate\Downloads\ScreenSaver\ScreenSaver\ScreenSaver\Debug\link.4044.read.1.tlog
C:\Users\Kate\Downloads\ScreenSaver\ScreenSaver\ScreenSaver\Debug\link.4044.write.1.tlog
C:\Users\Kate\Downloads\ScreenSaver\ScreenSaver\ScreenSaver\Debug\link.5492-cvtres.read.1.tlog
C:\Users\Kate\Downloads\ScreenSaver\ScreenSaver\ScreenSaver\Debug\link.5492-cvtres.write.1.tlog
C:\Users\Kate\Downloads\ScreenSaver\ScreenSaver\ScreenSaver\Debug\link.5492-rc.read.1.tlog
C:\Users\Kate\Downloads\ScreenSaver\ScreenSaver\ScreenSaver\Debug\link.5492-rc.write.1.tlog
C:\Users\Kate\Downloads\ScreenSaver\ScreenSaver\ScreenSaver\Debug\link.5492.read.1.tlog
C:\Users\Kate\Downloads\ScreenSaver\ScreenSaver\ScreenSaver\Debug\link.5492.write.1.tlog
C:\Users\Kate\Downloads\ScreenSaver\ScreenSaver\ScreenSaver\Debug\link.8432-cvtres.read.1.tlog
C:\Users\Kate\Downloads\ScreenSaver\ScreenSaver\ScreenSaver\Debug\link.8432-cvtres.write.1.tlog
C:\Users\Kate\Downloads\ScreenSaver\ScreenSaver\ScreenSaver\Debug\link.8432-rc.read.1.tlog
C:\Users\Kate\Downloads\ScreenSaver\ScreenSaver\ScreenSaver\Debug\link.8432-rc.write.1.tlog
C:\Users\Kate\Downloads\ScreenSaver\ScreenSaver\ScreenSaver\Debug\link.8432.read.1.tlog
C:\Users\Kate\Downloads\ScreenSaver\ScreenSaver\ScreenSaver\Debug\link.8432.write.1.tlog
C:\Users\Kate\Downloads\ScreenSaver\ScreenSaver\ScreenSaver\Debug\link.command.1.tlog
C:\Users\Kate\Downloads\ScreenSaver\ScreenSaver\ScreenSaver\Debug\link.read.1.tlog
C:\Users\Kate\Downloads\ScreenSaver\ScreenSaver\ScreenSaver\Debug\link.write.1.tlog
C:\Users\Kate\Downloads\ScreenSaver\ScreenSaver\ScreenSaver\Debug\vc110.idb
C:\Users\Kate\Downloads\ScreenSaver\ScreenSaver\ScreenSaver\Debug\vc110.pdb
C:\Users\Kate\Downloads\ScreenSaver\ScreenSaver\Debug\ScreenSaver.pdb
C:\Users\Kate\Downloads\ScreenSaver\ScreenSaver\Debug\ScreenSaver.exe
C:\Users\Kate\Downloads\ScreenSaver\ScreenSaver\Debug\ScreenSaver.ilk
